<?xml version="1.0" encoding="UTF-8"?>
<testng-results ignored="0" total="1" passed="1" failed="0" skipped="0">
  <reporter-output>
  </reporter-output>
  <suite started-at="2024-04-30T15:12:49 IST" name="Surefire suite" finished-at="2024-04-30T15:12:49 IST" duration-ms="26">
    <groups>
    </groups>
    <test started-at="2024-04-30T15:12:49 IST" name="Surefire test" finished-at="2024-04-30T15:12:49 IST" duration-ms="26">
      <class name="com.yodda.Ecom.AppTest">
        <test-method signature="shouldAnswerWithTrue()" started-at="2024-04-30T15:12:49 IST" name="shouldAnswerWithTrue" finished-at="2024-04-30T15:12:49 IST" duration-ms="4" status="PASS">
          <reporter-output>
          </reporter-output>
        </test-method> <!-- shouldAnswerWithTrue -->
      </class> <!-- com.yodda.Ecom.AppTest -->
    </test> <!-- Surefire test -->
  </suite> <!-- Surefire suite -->
</testng-results>
